<?xml version="1.0" encoding="UTF-8"?>
<!-- Generated by org.testng.reporters.JUnitReportReporter -->
<testsuite skipped="0" hostname="DESKTOP-2UA6GQC" name="test.LoginTest" tests="1" failures="0" timestamp="2020-03-06T17:47:37 EET" time="10.121" errors="0">
  <testcase name="userlogin" time="10.121" classname="test.LoginTest"/>
</testsuite> <!-- test.LoginTest -->
